<?xml version="1.0" encoding="UTF-8" ?>
<testsuites name="vitest tests" tests="6" failures="0" errors="0" time="0.189">
    <testsuite name="test/apps/web/csv.test.ts" timestamp="2024-03-20T04:31:04.715Z" hostname="jono-air.local" tests="2" failures="0" errors="0" skipped="0" time="0.004">
        <testcase classname="test/apps/web/csv.test.ts" name="csv &gt; CsvParser &gt; should parse a text stream into a csv format" time="0.003">
        </testcase>
        <testcase classname="test/apps/web/csv.test.ts" name="csv &gt; CsvParser &gt; should parse a csv with only a header line" time="0.001">
        </testcase>
    </testsuite>
    <testsuite name="test/apps/web/db.test.ts" timestamp="2024-03-20T04:31:04.717Z" hostname="jono-air.local" tests="2" failures="0" errors="0" skipped="0" time="0.002">
        <testcase classname="test/apps/web/db.test.ts" name="db &gt; execObject &gt; should convert a raw sql result into an object format" time="0.002">
        </testcase>
        <testcase classname="test/apps/web/db.test.ts" name="db &gt; execObject &gt; should combine multiple sql results into a single object" time="0">
        </testcase>
    </testsuite>
    <testsuite name="test/apps/web/dbImport.test.ts" timestamp="2024-03-20T04:31:04.718Z" hostname="jono-air.local" tests="1" failures="0" errors="0" skipped="0" time="0.004">
        <testcase classname="test/apps/web/dbImport.test.ts" name="dbImport &gt; createTable &gt; should create a table" time="0.003">
            <system-out>
(calendar_dates): created table

            </system-out>
        </testcase>
    </testsuite>
    <testsuite name="test/apps/web/index.test.ts" timestamp="2024-03-20T04:31:04.719Z" hostname="jono-air.local" tests="1" failures="0" errors="0" skipped="0" time="0.001">
        <testcase classname="test/apps/web/index.test.ts" name="sum test &gt; adds 1 + 2 to equal 3" time="0.001">
        </testcase>
    </testsuite>
</testsuites>
